/shared/rc/hyper-ep/hyper-ep/main.py:56: UserWarning: Creating a tensor from a list of numpy.ndarrays is extremely slow. Please consider converting the list to a single numpy.ndarray with numpy.array() before converting to a tensor. (Triggered internally at /opt/conda/conda-bld/pytorch_1682343995622/work/torch/csrc/utils/tensor_new.cpp:245.)
  ids=torch.tensor(ids).to(device)
GPU available: True (cuda), used: True
TPU available: False, using: 0 TPU cores
IPU available: False, using: 0 IPUs
HPU available: False, using: 0 HPUs
You are using a CUDA device ('NVIDIA A100-PCIE-40GB') that has Tensor Cores. To properly utilize them, you should set `torch.set_float32_matmul_precision('medium' | 'high')` which will trade-off precision for performance. For more details, read https://pytorch.org/docs/stable/generated/torch.set_float32_matmul_precision.html#torch.set_float32_matmul_precision
LOCAL_RANK: 0 - CUDA_VISIBLE_DEVICES: [0]

  | Name       | Type        | Params
-------------------------------------------
0 | metaNet    | MetaNet_new | 2.2 K 
1 | contextEnc | ResNet1D    | 4.3 M 
2 | ode        | APModel_uv  | 2.2 K 
3 | sdtw       | SoftDTW     | 0     
-------------------------------------------
4.3 M     Trainable params
0         Non-trainable params
4.3 M     Total params
17.390    Total estimated model params size (MB)
SLURM auto-requeueing enabled. Setting signal handlers.
Folder already exists at: /home/sv6234/ECGI/checkHybrid_testing
0
Training: |          | 0/? [00:00<?, ?it/s]Training:   0%|          | 0/318 [00:00<?, ?it/s]Epoch 0:   0%|          | 0/318 [00:00<?, ?it/s] STAGE:2024-10-04 16:29:28 1408050:1408050 ActivityProfilerController.cpp:311] Completed Stage: Warm Up
/home/sv6234/miniconda3/envs/miccai/lib/python3.11/site-packages/torch/nn/modules/conv.py:309: UserWarning: Applied workaround for CuDNN issue, install nvrtc.so (Triggered internally at /opt/conda/conda-bld/pytorch_1682343995622/work/aten/src/ATen/native/cudnn/Conv_v8.cpp:80.)
  return F.conv1d(input, weight, bias, self.stride,
STAGE:2024-10-04 16:29:31 1408050:1408050 ActivityProfilerController.cpp:317] Completed Stage: Collection
STAGE:2024-10-04 16:29:31 1408050:1408050 ActivityProfilerController.cpp:321] Completed Stage: Post Processing
STAGE:2024-10-04 16:29:31 1408050:1408050 ActivityProfilerController.cpp:311] Completed Stage: Warm Up
STAGE:2024-10-04 16:31:01 1408050:1408050 ActivityProfilerController.cpp:317] Completed Stage: Collection
STAGE:2024-10-04 16:31:10 1408050:1408050 ActivityProfilerController.cpp:321] Completed Stage: Post Processing
slurmstepd: error: *** JOB 19365400 ON skl-a-01 CANCELLED AT 2024-10-04T16:31:15 ***
