/shared/rc/hyper-ep/hyper-ep/main.py:56: UserWarning: Creating a tensor from a list of numpy.ndarrays is extremely slow. Please consider converting the list to a single numpy.ndarray with numpy.array() before converting to a tensor. (Triggered internally at /opt/conda/conda-bld/pytorch_1682343995622/work/torch/csrc/utils/tensor_new.cpp:245.)
  ids=torch.tensor(ids).to(device)
GPU available: True (cuda), used: True
TPU available: False, using: 0 TPU cores
IPU available: False, using: 0 IPUs
HPU available: False, using: 0 HPUs
You are using a CUDA device ('NVIDIA A100-PCIE-40GB') that has Tensor Cores. To properly utilize them, you should set `torch.set_float32_matmul_precision('medium' | 'high')` which will trade-off precision for performance. For more details, read https://pytorch.org/docs/stable/generated/torch.set_float32_matmul_precision.html#torch.set_float32_matmul_precision
LOCAL_RANK: 0 - CUDA_VISIBLE_DEVICES: [0]

  | Name       | Type        | Params
-------------------------------------------
0 | metaNet    | MetaNet_new | 2.2 K 
1 | contextEnc | ResNet1D    | 4.3 M 
2 | ode        | APModel_uv  | 2.2 K 
3 | sdtw       | SoftDTW     | 0     
-------------------------------------------
4.3 M     Trainable params
0         Non-trainable params
4.3 M     Total params
17.390    Total estimated model params size (MB)
SLURM auto-requeueing enabled. Setting signal handlers.
Folder created at: /home/sv6234/ECGI/checkHybrid_testing
0
Training: |          | 0/? [00:00<?, ?it/s]Training:   0%|          | 0/636 [00:00<?, ?it/s]Epoch 0:   0%|          | 0/636 [00:00<?, ?it/s] STAGE:2024-10-04 14:03:50 2377562:2377562 ActivityProfilerController.cpp:311] Completed Stage: Warm Up
/home/sv6234/miniconda3/envs/miccai/lib/python3.11/site-packages/torch/nn/modules/conv.py:309: UserWarning: Applied workaround for CuDNN issue, install nvrtc.so (Triggered internally at /opt/conda/conda-bld/pytorch_1682343995622/work/aten/src/ATen/native/cudnn/Conv_v8.cpp:80.)
  return F.conv1d(input, weight, bias, self.stride,
STAGE:2024-10-04 14:03:52 2377562:2377562 ActivityProfilerController.cpp:317] Completed Stage: Collection
STAGE:2024-10-04 14:03:52 2377562:2377562 ActivityProfilerController.cpp:321] Completed Stage: Post Processing
STAGE:2024-10-04 14:03:52 2377562:2377562 ActivityProfilerController.cpp:311] Completed Stage: Warm Up
STAGE:2024-10-04 14:03:53 2377562:2377562 ActivityProfilerController.cpp:317] Completed Stage: Collection
STAGE:2024-10-04 14:03:53 2377562:2377562 ActivityProfilerController.cpp:321] Completed Stage: Post Processing
-------------------------------------------------------  ------------  ------------  ------------  ------------  ------------  ------------  ------------  ------------  ------------  ------------  
                                                   Name    Self CPU %      Self CPU   CPU total %     CPU total  CPU time avg     Self CUDA   Self CUDA %    CUDA total  CUDA time avg    # of Calls  
-------------------------------------------------------  ------------  ------------  ------------  ------------  ------------  ------------  ------------  ------------  ------------  ------------  
                                      ResNet_Evaluation         1.12%      29.643ms       100.00%        2.648s        2.648s      29.120ms         1.10%        2.648s        2.648s             1  
                                             aten::view         0.00%      68.000us         0.00%      68.000us       3.091us     153.000us         0.01%     153.000us       6.955us            22  
                                          aten::permute         0.00%      36.000us         0.00%      39.000us      39.000us      36.000us         0.00%      43.000us      43.000us             1  
                                       aten::as_strided         0.00%      64.000us         0.00%      64.000us       0.928us     314.000us         0.01%     314.000us       4.551us            69  
                                           aten::conv1d         0.01%     279.000us        63.58%        1.683s      84.166ms     266.000us         0.01%        1.683s      84.174ms            20  
                                      aten::convolution         0.02%     432.000us        63.57%        1.683s      84.152ms     411.000us         0.02%        1.683s      84.160ms            20  
                                     aten::_convolution         0.04%       1.094ms        63.55%        1.683s      84.130ms     769.000us         0.03%        1.683s      84.140ms            20  
                                       aten::contiguous         0.00%      11.000us         0.00%     118.000us     118.000us      11.000us         0.00%     136.000us     136.000us             1  
                                            aten::clone         0.00%      31.000us         0.00%     107.000us     107.000us      25.000us         0.00%     125.000us     125.000us             1  
                                       aten::empty_like         0.01%     258.000us         0.01%     395.000us      18.810us     248.000us         0.01%     474.000us      22.571us            21  
-------------------------------------------------------  ------------  ------------  ------------  ------------  ------------  ------------  ------------  ------------  ------------  ------------  
Self CPU time total: 2.648s
Self CUDA time total: 2.648s

Traceback (most recent call last):
  File "/shared/rc/hyper-ep/hyper-ep/main.py", line 162, in <module>
    main()
  File "/shared/rc/hyper-ep/hyper-ep/main.py", line 158, in main
    trainer.fit(model,train_loader, valid_loader)
  File "/home/sv6234/miniconda3/envs/miccai/lib/python3.11/site-packages/lightning/pytorch/trainer/trainer.py", line 544, in fit
    call._call_and_handle_interrupt(
  File "/home/sv6234/miniconda3/envs/miccai/lib/python3.11/site-packages/lightning/pytorch/trainer/call.py", line 44, in _call_and_handle_interrupt
    return trainer_fn(*args, **kwargs)
           ^^^^^^^^^^^^^^^^^^^^^^^^^^^
  File "/home/sv6234/miniconda3/envs/miccai/lib/python3.11/site-packages/lightning/pytorch/trainer/trainer.py", line 580, in _fit_impl
    self._run(model, ckpt_path=ckpt_path)
  File "/home/sv6234/miniconda3/envs/miccai/lib/python3.11/site-packages/lightning/pytorch/trainer/trainer.py", line 989, in _run
    results = self._run_stage()
              ^^^^^^^^^^^^^^^^^
  File "/home/sv6234/miniconda3/envs/miccai/lib/python3.11/site-packages/lightning/pytorch/trainer/trainer.py", line 1035, in _run_stage
    self.fit_loop.run()
  File "/home/sv6234/miniconda3/envs/miccai/lib/python3.11/site-packages/lightning/pytorch/loops/fit_loop.py", line 202, in run
    self.advance()
  File "/home/sv6234/miniconda3/envs/miccai/lib/python3.11/site-packages/lightning/pytorch/loops/fit_loop.py", line 359, in advance
    self.epoch_loop.run(self._data_fetcher)
  File "/home/sv6234/miniconda3/envs/miccai/lib/python3.11/site-packages/lightning/pytorch/loops/training_epoch_loop.py", line 136, in run
    self.advance(data_fetcher)
  File "/home/sv6234/miniconda3/envs/miccai/lib/python3.11/site-packages/lightning/pytorch/loops/training_epoch_loop.py", line 240, in advance
    batch_output = self.automatic_optimization.run(trainer.optimizers[0], batch_idx, kwargs)
                   ^^^^^^^^^^^^^^^^^^^^^^^^^^^^^^^^^^^^^^^^^^^^^^^^^^^^^^^^^^^^^^^^^^^^^^^^^
  File "/home/sv6234/miniconda3/envs/miccai/lib/python3.11/site-packages/lightning/pytorch/loops/optimization/automatic.py", line 187, in run
    self._optimizer_step(batch_idx, closure)
  File "/home/sv6234/miniconda3/envs/miccai/lib/python3.11/site-packages/lightning/pytorch/loops/optimization/automatic.py", line 265, in _optimizer_step
    call._call_lightning_module_hook(
  File "/home/sv6234/miniconda3/envs/miccai/lib/python3.11/site-packages/lightning/pytorch/trainer/call.py", line 157, in _call_lightning_module_hook
    output = fn(*args, **kwargs)
             ^^^^^^^^^^^^^^^^^^^
  File "/home/sv6234/miniconda3/envs/miccai/lib/python3.11/site-packages/lightning/pytorch/core/module.py", line 1291, in optimizer_step
    optimizer.step(closure=optimizer_closure)
  File "/home/sv6234/miniconda3/envs/miccai/lib/python3.11/site-packages/lightning/pytorch/core/optimizer.py", line 151, in step
    step_output = self._strategy.optimizer_step(self._optimizer, closure, **kwargs)
                  ^^^^^^^^^^^^^^^^^^^^^^^^^^^^^^^^^^^^^^^^^^^^^^^^^^^^^^^^^^^^^^^^^
  File "/home/sv6234/miniconda3/envs/miccai/lib/python3.11/site-packages/lightning/pytorch/strategies/strategy.py", line 230, in optimizer_step
    return self.precision_plugin.optimizer_step(optimizer, model=model, closure=closure, **kwargs)
           ^^^^^^^^^^^^^^^^^^^^^^^^^^^^^^^^^^^^^^^^^^^^^^^^^^^^^^^^^^^^^^^^^^^^^^^^^^^^^^^^^^^^^^^
  File "/home/sv6234/miniconda3/envs/miccai/lib/python3.11/site-packages/lightning/pytorch/plugins/precision/precision.py", line 117, in optimizer_step
    return optimizer.step(closure=closure, **kwargs)
           ^^^^^^^^^^^^^^^^^^^^^^^^^^^^^^^^^^^^^^^^^
  File "/home/sv6234/miniconda3/envs/miccai/lib/python3.11/site-packages/torch/optim/optimizer.py", line 280, in wrapper
    out = func(*args, **kwargs)
          ^^^^^^^^^^^^^^^^^^^^^
  File "/home/sv6234/miniconda3/envs/miccai/lib/python3.11/site-packages/torch/optim/optimizer.py", line 33, in _use_grad
    ret = func(self, *args, **kwargs)
          ^^^^^^^^^^^^^^^^^^^^^^^^^^^
  File "/home/sv6234/miniconda3/envs/miccai/lib/python3.11/site-packages/torch/optim/adam.py", line 121, in step
    loss = closure()
           ^^^^^^^^^
  File "/home/sv6234/miniconda3/envs/miccai/lib/python3.11/site-packages/lightning/pytorch/plugins/precision/precision.py", line 104, in _wrap_closure
    closure_result = closure()
                     ^^^^^^^^^
  File "/home/sv6234/miniconda3/envs/miccai/lib/python3.11/site-packages/lightning/pytorch/loops/optimization/automatic.py", line 140, in __call__
    self._result = self.closure(*args, **kwargs)
                   ^^^^^^^^^^^^^^^^^^^^^^^^^^^^^
  File "/home/sv6234/miniconda3/envs/miccai/lib/python3.11/site-packages/torch/utils/_contextlib.py", line 115, in decorate_context
    return func(*args, **kwargs)
           ^^^^^^^^^^^^^^^^^^^^^
  File "/home/sv6234/miniconda3/envs/miccai/lib/python3.11/site-packages/lightning/pytorch/loops/optimization/automatic.py", line 126, in closure
    step_output = self._step_fn()
                  ^^^^^^^^^^^^^^^
  File "/home/sv6234/miniconda3/envs/miccai/lib/python3.11/site-packages/lightning/pytorch/loops/optimization/automatic.py", line 315, in _training_step
    training_step_output = call._call_strategy_hook(trainer, "training_step", *kwargs.values())
                           ^^^^^^^^^^^^^^^^^^^^^^^^^^^^^^^^^^^^^^^^^^^^^^^^^^^^^^^^^^^^^^^^^^^^
  File "/home/sv6234/miniconda3/envs/miccai/lib/python3.11/site-packages/lightning/pytorch/trainer/call.py", line 309, in _call_strategy_hook
    output = fn(*args, **kwargs)
             ^^^^^^^^^^^^^^^^^^^
  File "/home/sv6234/miniconda3/envs/miccai/lib/python3.11/site-packages/lightning/pytorch/strategies/strategy.py", line 382, in training_step
    return self.lightning_module.training_step(*args, **kwargs)
           ^^^^^^^^^^^^^^^^^^^^^^^^^^^^^^^^^^^^^^^^^^^^^^^^^^^^
  File "/shared/rc/hyper-ep/hyper-ep/model.py", line 426, in training_step
    TMP=odeint(self.ode, UV, self.t, method='dopri5')
        ^^^^^^^^^^^^^^^^^^^^^^^^^^^^^^^^^^^^^^^^^^^^^
  File "/home/sv6234/miniconda3/envs/miccai/lib/python3.11/site-packages/torchdiffeq/_impl/odeint.py", line 77, in odeint
    solution = solver.integrate(t)
               ^^^^^^^^^^^^^^^^^^^
  File "/home/sv6234/miniconda3/envs/miccai/lib/python3.11/site-packages/torchdiffeq/_impl/solvers.py", line 28, in integrate
    self._before_integrate(t)
  File "/home/sv6234/miniconda3/envs/miccai/lib/python3.11/site-packages/torchdiffeq/_impl/rk_common.py", line 161, in _before_integrate
    f0 = self.func(t[0], self.y0)
         ^^^^^^^^^^^^^^^^^^^^^^^^
  File "/home/sv6234/miniconda3/envs/miccai/lib/python3.11/site-packages/torch/nn/modules/module.py", line 1501, in _call_impl
    return forward_call(*args, **kwargs)
           ^^^^^^^^^^^^^^^^^^^^^^^^^^^^^
  File "/home/sv6234/miniconda3/envs/miccai/lib/python3.11/site-packages/torchdiffeq/_impl/misc.py", line 189, in forward
    return self.base_func(t, y)
           ^^^^^^^^^^^^^^^^^^^^
  File "/home/sv6234/miniconda3/envs/miccai/lib/python3.11/site-packages/torch/nn/modules/module.py", line 1501, in _call_impl
    return forward_call(*args, **kwargs)
           ^^^^^^^^^^^^^^^^^^^^^^^^^^^^^
  File "/shared/rc/hyper-ep/hyper-ep/modules.py", line 125, in forward
    val=torch.t(torch.cat((pde1, pde2), dim=0))
                ^^^^^^^^^^^^^^^^^^^^^^^^^^^^^^
RuntimeError: Sizes of tensors must match except in dimension 0. Expected size 1119 but got size 1 for tensor number 1 in the list.
Epoch 0:   0%|          | 0/636 [00:06<?, ?it/s]